2021-08-31 18:22:46:4646 debug: API Triggered is /multiBureau
2021-08-31 18:22:46:4646 debug: The request body is {"body":{"salarySlip":"","idProof":"","addressProof":"","panCard":"","applicationNo":"3728fhg","applicantFirstName":"Ramamurthy","applicantLastName":"Deshpande","employerName":"Infosys","netSalary":372831,"companyCategory":"defensesector","sourceSystem":"webportal"}}
2021-08-31 18:45:38:3838 debug: API Triggered is /multiBureau
2021-08-31 18:45:38:3838 debug: The request body is {"body":{"SymmetricKeyEncryptedValue":"pS6++iCGUj7W5JkLVjYb0LqgQ11HlOjMZ9npTfqBQxAdOiSQFwOD9SdyGoJRiL+8VtVCFEs0dKEHtrIRJg983dSZzpvQTj9pEHZy1rVmmMfOFzFoA3r6kyqsH5LsS4j2GPcuaGeQ0VkfI0s7pDR+TUU1wOqYKN74kYo1+VR7RnfeSthG7zMrYwTV9rm55vSCrhlRGaRvkjFw6fzH9dxH5veajpYhW/fwdCjePL4vWOAOA+64fj5uDUqF67Keo90HltsPLXslTL5I9hxbqEDa9BXoEJtltbAJ/S9DQk7rvT9bIjE/8JMGPO3n+QqtyxOJO4GWFHCOsi2mAD/2JRqTlg==","RequestEncryptedValue":"LhreTgPtf7qykPHYg76bifrnzuOoo7GkuijEbru6GTGWWLgpvD6+rKsy+CNQeYa/wOYZjNfcUIrNJlsHS8WEqXwlP1udkqN8ApSQK3FAG8pxYwDz9Cq66CQ2oYOINkk9K7ke9QgR2hEMrZfxaBCWScjsByOo4pHbs+B2joGNFEbHqdfOW5Pa9twHvWXcwTlb+M2soxaVmPlhQRZykc8fHVimFIGoJG7uhvOGuIoRSsts7oVkwq86ryJYVo2HcCBG62sZOcb8GL36sqpy9gTL/knxPekjgAP4R8+5+RMNbdynCfaUWYBn4KhsnV1sO0/UnCND/WRtf+pPmyvUVzCbjAkVo5gWiyjzd/aJFzYovGw="}}
2021-08-31 18:45:38:3838 info: API Request processing ended
2021-08-31 13:39:33:3333 debug: API Triggered is /multiBureau
2021-08-31 13:39:33:3333 debug: The request body is {"body":{"SymmetricKeyEncryptedValue":"pS6++iCGUj7W5JkLVjYb0LqgQ11HlOjMZ9npTfqBQxAdOiSQFwOD9SdyGoJRiL+8VtVCFEs0dKEHtrIRJg983dSZzpvQTj9pEHZy1rVmmMfOFzFoA3r6kyqsH5LsS4j2GPcuaGeQ0VkfI0s7pDR+TUU1wOqYKN74kYo1+VR7RnfeSthG7zMrYwTV9rm55vSCrhlRGaRvkjFw6fzH9dxH5veajpYhW/fwdCjePL4vWOAOA+64fj5uDUqF67Keo90HltsPLXslTL5I9hxbqEDa9BXoEJtltbAJ/S9DQk7rvT9bIjE/8JMGPO3n+QqtyxOJO4GWFHCOsi2mAD/2JRqTlg==","RequestEncryptedValue":"LhreTgPtf7qykPHYg76bifrnzuOoo7GkuijEbru6GTGWWLgpvD6+rKsy+CNQeYa/wOYZjNfcUIrNJlsHS8WEqXwlP1udkqN8ApSQK3FAG8pxYwDz9Cq66CQ2oYOINkk9K7ke9QgR2hEMrZfxaBCWScjsByOo4pHbs+B2joGNFEbHqdfOW5Pa9twHvWXcwTlb+M2soxaVmPlhQRZykc8fHVimFIGoJG7uhvOGuIoRSsts7oVkwq86ryJYVo2HcCBG62sZOcb8GL36sqpy9gTL/knxPekjgAP4R8+5+RMNbdynCfaUWYBn4KhsnV1sO0/UnCND/WRtf+pPmyvUVzCbjAkVo5gWiyjzd/aJFzYovGw="}}
2021-08-31 13:39:33:3333 info: API Request processing ended
2021-08-31 13:49:42:4242 debug: API Triggered is /multiBureau
2021-08-31 13:49:42:4242 debug: The request body is {"body":{"SymmetricKeyEncryptedValue":"pS6++iCGUj7W5JkLVjYb0LqgQ11HlOjMZ9npTfqBQxAdOiSQFwOD9SdyGoJRiL+8VtVCFEs0dKEHtrIRJg983dSZzpvQTj9pEHZy1rVmmMfOFzFoA3r6kyqsH5LsS4j2GPcuaGeQ0VkfI0s7pDR+TUU1wOqYKN74kYo1+VR7RnfeSthG7zMrYwTV9rm55vSCrhlRGaRvkjFw6fzH9dxH5veajpYhW/fwdCjePL4vWOAOA+64fj5uDUqF67Keo90HltsPLXslTL5I9hxbqEDa9BXoEJtltbAJ/S9DQk7rvT9bIjE/8JMGPO3n+QqtyxOJO4GWFHCOsi2mAD/2JRqTlg==","RequestEncryptedValue":"LhreTgPtf7qykPHYg76bifrnzuOoo7GkuijEbru6GTGWWLgpvD6+rKsy+CNQeYa/wOYZjNfcUIrNJlsHS8WEqXwlP1udkqN8ApSQK3FAG8pxYwDz9Cq66CQ2oYOINkk9K7ke9QgR2hEMrZfxaBCWScjsByOo4pHbs+B2joGNFEbHqdfOW5Pa9twHvWXcwTlb+M2soxaVmPlhQRZykc8fHVimFIGoJG7uhvOGuIoRSsts7oVkwq86ryJYVo2HcCBG62sZOcb8GL36sqpy9gTL/knxPekjgAP4R8+5+RMNbdynCfaUWYBn4KhsnV1sO0/UnCND/WRtf+pPmyvUVzCbjAkVo5gWiyjzd/aJFzYovGw="}}
2021-08-31 13:49:42:4242 info: API Request processing ended
2021-08-31 14:01:09:099 debug: API Triggered is /multiBureau
2021-08-31 14:01:09:099 debug: The request body is {"body":{"SymmetricKeyEncryptedValue":"pS6++iCGUj7W5JkLVjYb0LqgQ11HlOjMZ9npTfqBQxAdOiSQFwOD9SdyGoJRiL+8VtVCFEs0dKEHtrIRJg983dSZzpvQTj9pEHZy1rVmmMfOFzFoA3r6kyqsH5LsS4j2GPcuaGeQ0VkfI0s7pDR+TUU1wOqYKN74kYo1+VR7RnfeSthG7zMrYwTV9rm55vSCrhlRGaRvkjFw6fzH9dxH5veajpYhW/fwdCjePL4vWOAOA+64fj5uDUqF67Keo90HltsPLXslTL5I9hxbqEDa9BXoEJtltbAJ/S9DQk7rvT9bIjE/8JMGPO3n+QqtyxOJO4GWFHCOsi2mAD/2JRqTlg==","RequestEncryptedValue":"LhreTgPtf7qykPHYg76bifrnzuOoo7GkuijEbru6GTGWWLgpvD6+rKsy+CNQeYa/wOYZjNfcUIrNJlsHS8WEqXwlP1udkqN8ApSQK3FAG8pxYwDz9Cq66CQ2oYOINkk9K7ke9QgR2hEMrZfxaBCWScjsByOo4pHbs+B2joGNFEbHqdfOW5Pa9twHvWXcwTlb+M2soxaVmPlhQRZykc8fHVimFIGoJG7uhvOGuIoRSsts7oVkwq86ryJYVo2HcCBG62sZOcb8GL36sqpy9gTL/knxPekjgAP4R8+5+RMNbdynCfaUWYBn4KhsnV1sO0/UnCND/WRtf+pPmyvUVzCbjAkVo5gWiyjzd/aJFzYovGw="}}
2021-08-31 14:01:09:099 info: API Request processing ended
2021-08-31 15:36:06:066 debug: API Triggered is /multiBureau
2021-08-31 15:36:06:066 debug: The request body is {"body":{"SymmetricKeyEncryptedValue":"pS6++iCGUj7W5JkLVjYb0LqgQ11HlOjMZ9npTfqBQxAdOiSQFwOD9SdyGoJRiL+8VtVCFEs0dKEHtrIRJg983dSZzpvQTj9pEHZy1rVmmMfOFzFoA3r6kyqsH5LsS4j2GPcuaGeQ0VkfI0s7pDR+TUU1wOqYKN74kYo1+VR7RnfeSthG7zMrYwTV9rm55vSCrhlRGaRvkjFw6fzH9dxH5veajpYhW/fwdCjePL4vWOAOA+64fj5uDUqF67Keo90HltsPLXslTL5I9hxbqEDa9BXoEJtltbAJ/S9DQk7rvT9bIjE/8JMGPO3n+QqtyxOJO4GWFHCOsi2mAD/2JRqTlg==","RequestEncryptedValue":"LhreTgPtf7qykPHYg76bifrnzuOoo7GkuijEbru6GTGWWLgpvD6+rKsy+CNQeYa/wOYZjNfcUIrNJlsHS8WEqXwlP1udkqN8ApSQK3FAG8pxYwDz9Cq66CQ2oYOINkk9K7ke9QgR2hEMrZfxaBCWScjsByOo4pHbs+B2joGNFEbHqdfOW5Pa9twHvWXcwTlb+M2soxaVmPlhQRZykc8fHVimFIGoJG7uhvOGuIoRSsts7oVkwq86ryJYVo2HcCBG62sZOcb8GL36sqpy9gTL/knxPekjgAP4R8+5+RMNbdynCfaUWYBn4KhsnV1sO0/UnCND/WRtf+pPmyvUVzCbjAkVo5gWiyjzd/aJFzYovGw="}}
2021-08-31 15:36:06:066 info: API Request processing ended
2021-08-31 15:38:08:088 debug: API Triggered is /multiBureau
2021-08-31 15:38:08:088 debug: The request body is {"body":{"SymmetricKeyEncryptedValue":"pS6++iCGUj7W5JkLVjYb0LqgQ11HlOjMZ9npTfqBQxAdOiSQFwOD9SdyGoJRiL+8VtVCFEs0dKEHtrIRJg983dSZzpvQTj9pEHZy1rVmmMfOFzFoA3r6kyqsH5LsS4j2GPcuaGeQ0VkfI0s7pDR+TUU1wOqYKN74kYo1+VR7RnfeSthG7zMrYwTV9rm55vSCrhlRGaRvkjFw6fzH9dxH5veajpYhW/fwdCjePL4vWOAOA+64fj5uDUqF67Keo90HltsPLXslTL5I9hxbqEDa9BXoEJtltbAJ/S9DQk7rvT9bIjE/8JMGPO3n+QqtyxOJO4GWFHCOsi2mAD/2JRqTlg==","RequestEncryptedValue":"LhreTgPtf7qykPHYg76bifrnzuOoo7GkuijEbru6GTGWWLgpvD6+rKsy+CNQeYa/wOYZjNfcUIrNJlsHS8WEqXwlP1udkqN8ApSQK3FAG8pxYwDz9Cq66CQ2oYOINkk9K7ke9QgR2hEMrZfxaBCWScjsByOo4pHbs+B2joGNFEbHqdfOW5Pa9twHvWXcwTlb+M2soxaVmPlhQRZykc8fHVimFIGoJG7uhvOGuIoRSsts7oVkwq86ryJYVo2HcCBG62sZOcb8GL36sqpy9gTL/knxPekjgAP4R8+5+RMNbdynCfaUWYBn4KhsnV1sO0/UnCND/WRtf+pPmyvUVzCbjAkVo5gWiyjzd/aJFzYovGw="}}
2021-08-31 15:38:08:088 debug: API Input validation is success
2021-08-31 15:38:08:088 debug: THE URL is "http://172.0.2.35:81/api/v1/service/kgcmodeltry1/score"
2021-08-31 15:38:08:088 info: API Request processing ended
2021-08-31 15:38:08:088 debug: Too Many Requests, Try after some time
